{"C:\\Users\\Mohamed\\Desktop\\examDevOps\\devops-exam-2024\\src\\services\\validations.js": {"path":"C:\\Users\\Mohamed\\Desktop\\examDevOps\\devops-exam-2024\\src\\services\\validations.js","statementMap":{"0":{"start":{"line":2,"column":16},"end":{"line":10,"column":1}},"1":{"start":{"line":3,"column":4},"end":{"line":3,"column":45}},"2":{"start":{"line":3,"column":32},"end":{"line":3,"column":45}},"3":{"start":{"line":5,"column":4},"end":{"line":7,"column":5}},"4":{"start":{"line":6,"column":8},"end":{"line":6,"column":20}},"5":{"start":{"line":9,"column":4},"end":{"line":9,"column":17}},"6":{"start":{"line":12,"column":0},"end":{"line":12,"column":26}}},"fnMap":{"0":{"name":"(anonymous_0)","decl":{"start":{"line":2,"column":16},"end":{"line":2,"column":17}},"loc":{"start":{"line":2,"column":30},"end":{"line":10,"column":1}},"line":2}},"branchMap":{"0":{"loc":{"start":{"line":3,"column":4},"end":{"line":3,"column":45}},"type":"if","locations":[{"start":{"line":3,"column":4},"end":{"line":3,"column":45}},{"start":{},"end":{}}],"line":3},"1":{"loc":{"start":{"line":5,"column":4},"end":{"line":7,"column":5}},"type":"if","locations":[{"start":{"line":5,"column":4},"end":{"line":7,"column":5}},{"start":{},"end":{}}],"line":5},"2":{"loc":{"start":{"line":5,"column":8},"end":{"line":5,"column":97}},"type":"binary-expr","locations":[{"start":{"line":5,"column":8},"end":{"line":5,"column":28}},{"start":{"line":5,"column":32},"end":{"line":5,"column":71}},{"start":{"line":5,"column":75},"end":{"line":5,"column":97}}],"line":5}},"s":{"0":1,"1":7,"2":1,"3":6,"4":1,"5":5,"6":1},"f":{"0":7},"b":{"0":[1,6],"1":[1,5],"2":[6,5,3]},"_coverageSchema":"1a1c01bbd47fc00a2c39e90264f33305004495a9","hash":"928794564d55b2aec7320ff1a553a03c29d533a8"}
}
