{"C:\\Users\\Mohamed\\Desktop\\examDevOps\\devops-exam-2024\\src\\services\\validations.js": {"path":"C:\\Users\\Mohamed\\Desktop\\examDevOps\\devops-exam-2024\\src\\services\\validations.js","statementMap":{"0":{"start":{"line":2,"column":16},"end":{"line":14,"column":1}},"1":{"start":{"line":3,"column":4},"end":{"line":3,"column":45}},"2":{"start":{"line":3,"column":32},"end":{"line":3,"column":45}},"3":{"start":{"line":5,"column":4},"end":{"line":11,"column":5}},"4":{"start":{"line":10,"column":8},"end":{"line":10,"column":20}},"5":{"start":{"line":13,"column":4},"end":{"line":13,"column":17}},"6":{"start":{"line":16,"column":0},"end":{"line":16,"column":26}}},"fnMap":{"0":{"name":"(anonymous_0)","decl":{"start":{"line":2,"column":16},"end":{"line":2,"column":17}},"loc":{"start":{"line":2,"column":30},"end":{"line":14,"column":1}},"line":2}},"branchMap":{"0":{"loc":{"start":{"line":3,"column":4},"end":{"line":3,"column":45}},"type":"if","locations":[{"start":{"line":3,"column":4},"end":{"line":3,"column":45}},{"start":{},"end":{}}],"line":3},"1":{"loc":{"start":{"line":5,"column":4},"end":{"line":11,"column":5}},"type":"if","locations":[{"start":{"line":5,"column":4},"end":{"line":11,"column":5}},{"start":{},"end":{}}],"line":5},"2":{"loc":{"start":{"line":6,"column":8},"end":{"line":8,"column":30}},"type":"binary-expr","locations":[{"start":{"line":6,"column":8},"end":{"line":6,"column":28}},{"start":{"line":7,"column":8},"end":{"line":7,"column":47}},{"start":{"line":8,"column":8},"end":{"line":8,"column":30}}],"line":6}},"s":{"0":1,"1":7,"2":1,"3":6,"4":1,"5":5,"6":1},"f":{"0":7},"b":{"0":[1,6],"1":[1,5],"2":[6,5,3]},"_coverageSchema":"1a1c01bbd47fc00a2c39e90264f33305004495a9","hash":"74338bcff2729910a24f4c1cb6f3c59e3f405640"}
}
